<?xml version="1.0" encoding="UTF-8" ?>
<testsuite tests="2" failures="1" name="auction.service.SellerMgrTest" time="1.439" errors="1" skipped="0">
  <properties>
[...]
</properties>
  <testcase classname="auction.service.SellerMgrTest" name="testOfferItem" time="1.351">
    <failure type="java.lang.AssertionError">java.lang.AssertionError
	at org.junit.Assert.fail(Assert.java:86)
	at org.junit.Assert.assertTrue(Assert.java:41)
	at org.junit.Assert.assertNotNull(Assert.java:712)
	at org.junit.Assert.assertNotNull(Assert.java:722)
	at auction.service.SellerMgrTest.testOfferItem(SellerMgrTest.java:40)
	at sun.reflect.NativeMethodAccessorImpl.invoke0(Native Method)
	at sun.reflect.NativeMethodAccessorImpl.invoke(NativeMethodAccessorImpl.java:62)
	at sun.reflect.DelegatingMethodAccessorImpl.invoke(DelegatingMethodAccessorImpl.java:43)
	at java.lang.reflect.Method.invoke(Method.java:498)
	at org.junit.runners.model.FrameworkMethod$1.runReflectiveCall(FrameworkMethod.java:50)
	at org.junit.internal.runners.model.ReflectiveCallable.run(ReflectiveCallable.java:12)
	at org.junit.runners.model.FrameworkMethod.invokeExplosively(FrameworkMethod.java:47)
	at org.junit.internal.runners.statements.InvokeMethod.evaluate(InvokeMethod.java:17)
	at org.junit.internal.runners.statements.RunBefores.evaluate(RunBefores.java:26)
	at org.junit.runners.ParentRunner.runLeaf(ParentRunner.java:325)
	at org.junit.runners.BlockJUnit4ClassRunner.runChild(BlockJUnit4ClassRunner.java:78)
	at org.junit.runners.BlockJUnit4ClassRunner.runChild(BlockJUnit4ClassRunner.java:57)
	at org.junit.runners.ParentRunner$3.run(ParentRunner.java:290)
	at org.junit.runners.ParentRunner$1.schedule(ParentRunner.java:71)
	at org.junit.runners.ParentRunner.runChildren(ParentRunner.java:288)
	at org.junit.runners.ParentRunner.access$000(ParentRunner.java:58)
	at org.junit.runners.ParentRunner$2.evaluate(ParentRunner.java:268)
	at org.junit.runners.ParentRunner.run(ParentRunner.java:363)
	at org.apache.maven.surefire.junit4.JUnit4TestSet.execute(JUnit4TestSet.java:53)
	at org.apache.maven.surefire.junit4.JUnit4Provider.executeTestSet(JUnit4Provider.java:123)
	at org.apache.maven.surefire.junit4.JUnit4Provider.invoke(JUnit4Provider.java:104)
	at sun.reflect.NativeMethodAccessorImpl.invoke0(Native Method)
	at sun.reflect.NativeMethodAccessorImpl.invoke(NativeMethodAccessorImpl.java:62)
	at sun.reflect.DelegatingMethodAccessorImpl.invoke(DelegatingMethodAccessorImpl.java:43)
	at java.lang.reflect.Method.invoke(Method.java:498)
	at org.apache.maven.surefire.util.ReflectionUtils.invokeMethodWithArray(ReflectionUtils.java:164)
	at org.apache.maven.surefire.booter.ProviderFactory$ProviderProxy.invoke(ProviderFactory.java:110)
	at org.apache.maven.surefire.booter.SurefireStarter.invokeProvider(SurefireStarter.java:175)
	at org.apache.maven.surefire.booter.SurefireStarter.runSuitesInProcessWhenForked(SurefireStarter.java:107)
	at org.apache.maven.surefire.booter.ForkedBooter.main(ForkedBooter.java:68)
</failure>
    <system-out>[EL Config]: metadata: 2017-05-22 19:15:26.644--ServerSession(99451533)--Thread(Thread[main,5,main])--The access type for the persistent class [class auction.domain.Bid] is set to [FIELD].
[EL Config]: metadata: 2017-05-22 19:15:26.666--ServerSession(99451533)--Thread(Thread[main,5,main])--The target entity (reference) class for the many to one mapping element [field buyer] is being defaulted to: class auction.domain.User.
[EL Config]: metadata: 2017-05-22 19:15:26.667--ServerSession(99451533)--Thread(Thread[main,5,main])--The access type for the persistent class [class auction.domain.Item] is set to [FIELD].
[EL Config]: metadata: 2017-05-22 19:15:26.667--ServerSession(99451533)--Thread(Thread[main,5,main])--The target entity (reference) class for the many to one mapping element [field seller] is being defaulted to: class auction.domain.User.
[EL Config]: metadata: 2017-05-22 19:15:26.668--ServerSession(99451533)--Thread(Thread[main,5,main])--The target entity (reference) class for the one to one mapping element [field highest] is being defaulted to: class auction.domain.Bid.
[EL Config]: metadata: 2017-05-22 19:15:26.67--ServerSession(99451533)--Thread(Thread[main,5,main])--The access type for the persistent class [class auction.domain.User] is set to [FIELD].
[EL Config]: metadata: 2017-05-22 19:15:26.67--ServerSession(99451533)--Thread(Thread[main,5,main])--The access type for the persistent class [class nl.fontys.util.Money] is set to [FIELD].
[EL Config]: metadata: 2017-05-22 19:15:26.671--ServerSession(99451533)--Thread(Thread[main,5,main])--The access type for the persistent class [class nl.fontys.util.FontysTime] is set to [FIELD].
[EL Config]: metadata: 2017-05-22 19:15:26.672--ServerSession(99451533)--Thread(Thread[main,5,main])--The access type for the persistent class [class auction.domain.Category] is set to [FIELD].
[EL Config]: metadata: 2017-05-22 19:15:26.672--ServerSession(99451533)--Thread(Thread[main,5,main])--The alias name for the entity class [class auction.domain.Bid] is being defaulted to: Bid.
[EL Config]: metadata: 2017-05-22 19:15:26.674--ServerSession(99451533)--Thread(Thread[main,5,main])--The table name for entity [class auction.domain.Bid] is being defaulted to: BID.
[EL Config]: metadata: 2017-05-22 19:15:26.685--ServerSession(99451533)--Thread(Thread[main,5,main])--The column name for element [cents] is being defaulted to: CENTS.
[EL Config]: metadata: 2017-05-22 19:15:26.686--ServerSession(99451533)--Thread(Thread[main,5,main])--The column name for element [currency] is being defaulted to: CURRENCY.
[EL Config]: metadata: 2017-05-22 19:15:26.686--ServerSession(99451533)--Thread(Thread[main,5,main])--The column name for element [seconds] is being defaulted to: SECONDS.
[EL Config]: metadata: 2017-05-22 19:15:26.687--ServerSession(99451533)--Thread(Thread[main,5,main])--The column name for element [id] is being defaulted to: ID.
[EL Config]: metadata: 2017-05-22 19:15:26.687--ServerSession(99451533)--Thread(Thread[main,5,main])--The alias name for the entity class [class auction.domain.Item] is being defaulted to: Item.
[EL Config]: metadata: 2017-05-22 19:15:26.687--ServerSession(99451533)--Thread(Thread[main,5,main])--The table name for entity [class auction.domain.Item] is being defaulted to: ITEM.
[EL Config]: metadata: 2017-05-22 19:15:26.689--ServerSession(99451533)--Thread(Thread[main,5,main])--The column name for element [description] is being defaulted to: DESCRIPTION.
[EL Config]: metadata: 2017-05-22 19:15:26.689--ServerSession(99451533)--Thread(Thread[main,5,main])--The column name for element [id] is being defaulted to: ID.
[EL Config]: metadata: 2017-05-22 19:15:26.689--ServerSession(99451533)--Thread(Thread[main,5,main])--The column name for element [description] is being defaulted to: DESCRIPTION.
[EL Config]: metadata: 2017-05-22 19:15:26.689--ServerSession(99451533)--Thread(Thread[main,5,main])--The column name for element [id] is being defaulted to: ID.
[EL Warning]: metadata: 2017-05-22 19:15:26.69--ServerSession(99451533)--Thread(Thread[main,5,main])--You have specified multiple ids for the entity class [auction.domain.Item] without specifying an @IdClass. By doing this you may lose the ability to find by identity, distributed cache support etc. Note: You may however use entity manager find operations by passing a list of primary key fields. Else, you will have to use JPQL queries to read your entities. For other id options see @PrimaryKey.
[EL Config]: metadata: 2017-05-22 19:15:26.69--ServerSession(99451533)--Thread(Thread[main,5,main])--The alias name for the entity class [class auction.domain.User] is being defaulted to: User.
[EL Config]: metadata: 2017-05-22 19:15:26.69--ServerSession(99451533)--Thread(Thread[main,5,main])--The table name for entity [class auction.domain.User] is being defaulted to: USER.
[EL Config]: metadata: 2017-05-22 19:15:26.691--ServerSession(99451533)--Thread(Thread[main,5,main])--The column name for element [email] is being defaulted to: EMAIL.
[EL Config]: metadata: 2017-05-22 19:15:26.701--ServerSession(99451533)--Thread(Thread[main,5,main])--The primary key column name for the mapping element [field buyer] is being defaulted to: EMAIL.
[EL Config]: metadata: 2017-05-22 19:15:26.701--ServerSession(99451533)--Thread(Thread[main,5,main])--The foreign key column name for the mapping element [buyer] is being defaulted to: BUYER_EMAIL.
[EL Config]: metadata: 2017-05-22 19:15:26.701--ServerSession(99451533)--Thread(Thread[main,5,main])--The primary key column name for the mapping element [field seller] is being defaulted to: EMAIL.
[EL Config]: metadata: 2017-05-22 19:15:26.702--ServerSession(99451533)--Thread(Thread[main,5,main])--The foreign key column name for the mapping element [seller] is being defaulted to: SELLER_EMAIL.
[EL Config]: metadata: 2017-05-22 19:15:26.702--ServerSession(99451533)--Thread(Thread[main,5,main])--The primary key column name for the mapping element [field highest] is being defaulted to: ID.
[EL Config]: metadata: 2017-05-22 19:15:26.702--ServerSession(99451533)--Thread(Thread[main,5,main])--The foreign key column name for the mapping element [highest] is being defaulted to: HIGHEST_ID.
[EL Info]: 2017-05-22 19:15:27.205--ServerSession(99451533)--Thread(Thread[main,5,main])--EclipseLink, version: Eclipse Persistence Services - 2.5.2.v20140319-9ad6abd
[EL Fine]: connection: 2017-05-22 19:15:27.405--Thread(Thread[main,5,main])--Detected database platform: org.eclipse.persistence.platform.database.MySQLPlatform
[EL Config]: connection: 2017-05-22 19:15:27.415--ServerSession(99451533)--Connection(286606142)--Thread(Thread[main,5,main])--connecting(DatabaseLogin(
	platform=&gt;MySQLPlatform
	user name=&gt; &quot;fontys&quot;
	datasource URL=&gt; &quot;jdbc:mysql://localhost:3306/fontys?serverTimezone=UTC&quot;
))
[EL Config]: connection: 2017-05-22 19:15:27.42--ServerSession(99451533)--Connection(1005400853)--Thread(Thread[main,5,main])--Connected: jdbc:mysql://localhost:3306/fontys?serverTimezone=UTC
	User: fontys@localhost
	Database: MySQL  Version: 5.7.18-log
	Driver: MySQL Connector Java  Version: mysql-connector-java-6.0.6 ( Revision: 3dab84f4d9bede3cdd14d57b99e9e98a02a5b97d )
[EL Info]: connection: 2017-05-22 19:15:27.548--ServerSession(99451533)--Thread(Thread[main,5,main])--file:/H:/School/S4/Software/P2/SE42/Week 2/SE42Auction/target/classes/_nl.fhict.se42_auction_jar_1.0-SNAPSHOTPU login successful
[EL Fine]: sql: 2017-05-22 19:15:27.579--ServerSession(99451533)--Connection(1005400853)--Thread(Thread[main,5,main])--CREATE TABLE SEQUENCE (SEQ_NAME VARCHAR(50) NOT NULL, SEQ_COUNT DECIMAL(38), PRIMARY KEY (SEQ_NAME))
[EL Fine]: sql: 2017-05-22 19:15:27.604--ServerSession(99451533)--Connection(1005400853)--Thread(Thread[main,5,main])--SELECT * FROM SEQUENCE WHERE SEQ_NAME = SEQ_GEN
[EL Fine]: sql: 2017-05-22 19:15:27.605--ServerSession(99451533)--Connection(1005400853)--Thread(Thread[main,5,main])--INSERT INTO SEQUENCE(SEQ_NAME, SEQ_COUNT) values (SEQ_GEN, 0)
[EL Fine]: sql: 2017-05-22 19:15:27.644--ClientSession(951317000)--Connection(1005400853)--Thread(Thread[main,5,main])--UPDATE SEQUENCE SET SEQ_COUNT = SEQ_COUNT + ? WHERE SEQ_NAME = ?
	bind =&gt; [50, SEQ_GEN]
[EL Fine]: sql: 2017-05-22 19:15:27.645--ClientSession(951317000)--Connection(1005400853)--Thread(Thread[main,5,main])--SELECT SEQ_COUNT FROM SEQUENCE WHERE SEQ_NAME = ?
	bind =&gt; [SEQ_GEN]
[EL Fine]: sql: 2017-05-22 19:15:27.657--ServerSession(99451533)--Connection(1005400853)--Thread(Thread[main,5,main])--SELECT EMAIL FROM USER WHERE (EMAIL = ?)
	bind =&gt; [xx@nl]
[EL Warning]: 2017-05-22 19:15:27.66--UnitOfWork(1985235978)--Thread(Thread[main,5,main])--java.lang.IllegalStateException: During synchronization a new object was found through a relationship that was not marked cascade PERSIST: auction.domain.User@6807a356.
</system-out>
    <system-err>Loading class `com.mysql.jdbc.Driver&apos;. This is deprecated. The new driver class is `com.mysql.cj.jdbc.Driver&apos;. The driver is automatically registered via the SPI and manual loading of the driver class is generally unnecessary.
Mon May 22 19:15:27 CEST 2017 WARN: Establishing SSL connection without server&apos;s identity verification is not recommended. According to MySQL 5.5.45+, 5.6.26+ and 5.7.6+ requirements SSL connection must be established by default if explicit option isn&apos;t set. For compliance with existing applications not using SSL the verifyServerCertificate property is set to &apos;false&apos;. You need either to explicitly disable SSL by setting useSSL=false, or set useSSL=true and provide truststore for server certificate verification.
Mon May 22 19:15:27 CEST 2017 WARN: Establishing SSL connection without server&apos;s identity verification is not recommended. According to MySQL 5.5.45+, 5.6.26+ and 5.7.6+ requirements SSL connection must be established by default if explicit option isn&apos;t set. For compliance with existing applications not using SSL the verifyServerCertificate property is set to &apos;false&apos;. You need either to explicitly disable SSL by setting useSSL=false, or set useSSL=true and provide truststore for server certificate verification.
</system-err>
  </testcase>
  <testcase classname="auction.service.SellerMgrTest" name="testRevokeItem" time="0.011">
    <error type="java.lang.NullPointerException">java.lang.NullPointerException
	at auction.service.SellerMgrTest.testRevokeItem(SellerMgrTest.java:60)
	at sun.reflect.NativeMethodAccessorImpl.invoke0(Native Method)
	at sun.reflect.NativeMethodAccessorImpl.invoke(NativeMethodAccessorImpl.java:62)
	at sun.reflect.DelegatingMethodAccessorImpl.invoke(DelegatingMethodAccessorImpl.java:43)
	at java.lang.reflect.Method.invoke(Method.java:498)
	at org.junit.runners.model.FrameworkMethod$1.runReflectiveCall(FrameworkMethod.java:50)
	at org.junit.internal.runners.model.ReflectiveCallable.run(ReflectiveCallable.java:12)
	at org.junit.runners.model.FrameworkMethod.invokeExplosively(FrameworkMethod.java:47)
	at org.junit.internal.runners.statements.InvokeMethod.evaluate(InvokeMethod.java:17)
	at org.junit.internal.runners.statements.RunBefores.evaluate(RunBefores.java:26)
	at org.junit.runners.ParentRunner.runLeaf(ParentRunner.java:325)
	at org.junit.runners.BlockJUnit4ClassRunner.runChild(BlockJUnit4ClassRunner.java:78)
	at org.junit.runners.BlockJUnit4ClassRunner.runChild(BlockJUnit4ClassRunner.java:57)
	at org.junit.runners.ParentRunner$3.run(ParentRunner.java:290)
	at org.junit.runners.ParentRunner$1.schedule(ParentRunner.java:71)
	at org.junit.runners.ParentRunner.runChildren(ParentRunner.java:288)
	at org.junit.runners.ParentRunner.access$000(ParentRunner.java:58)
	at org.junit.runners.ParentRunner$2.evaluate(ParentRunner.java:268)
	at org.junit.runners.ParentRunner.run(ParentRunner.java:363)
	at org.apache.maven.surefire.junit4.JUnit4TestSet.execute(JUnit4TestSet.java:53)
	at org.apache.maven.surefire.junit4.JUnit4Provider.executeTestSet(JUnit4Provider.java:123)
	at org.apache.maven.surefire.junit4.JUnit4Provider.invoke(JUnit4Provider.java:104)
	at sun.reflect.NativeMethodAccessorImpl.invoke0(Native Method)
	at sun.reflect.NativeMethodAccessorImpl.invoke(NativeMethodAccessorImpl.java:62)
	at sun.reflect.DelegatingMethodAccessorImpl.invoke(DelegatingMethodAccessorImpl.java:43)
	at java.lang.reflect.Method.invoke(Method.java:498)
	at org.apache.maven.surefire.util.ReflectionUtils.invokeMethodWithArray(ReflectionUtils.java:164)
	at org.apache.maven.surefire.booter.ProviderFactory$ProviderProxy.invoke(ProviderFactory.java:110)
	at org.apache.maven.surefire.booter.SurefireStarter.invokeProvider(SurefireStarter.java:175)
	at org.apache.maven.surefire.booter.SurefireStarter.runSuitesInProcessWhenForked(SurefireStarter.java:107)
	at org.apache.maven.surefire.booter.ForkedBooter.main(ForkedBooter.java:68)
</error>
    <system-out>[EL Fine]: sql: 2017-05-22 19:15:27.673--ServerSession(99451533)--Connection(1005400853)--Thread(Thread[main,5,main])--SELECT EMAIL FROM USER WHERE (EMAIL = ?)
	bind =&gt; [sel@nl]
[EL Warning]: 2017-05-22 19:15:27.674--UnitOfWork(1300497562)--Thread(Thread[main,5,main])--java.lang.IllegalStateException: During synchronization a new object was found through a relationship that was not marked cascade PERSIST: auction.domain.User@58658f63.
[EL Fine]: sql: 2017-05-22 19:15:27.677--ServerSession(99451533)--Connection(1005400853)--Thread(Thread[main,5,main])--SELECT DESCRIPTION, ID, category_description, SELLER_EMAIL, HIGHEST_ID FROM ITEM WHERE (DESCRIPTION = ?)
	bind =&gt; [omsch]
</system-out>
  </testcase>
</testsuite>